{"timestamp":"2026-01-24 13:26:17","video_id":"video_1769223321","user_id":"admin","event":"SESSION_EXPIRED","ip":"::1","data":{"duration":9542}}
{"timestamp":"2026-01-24 13:26:17","video_id":"video_1769223321","user_id":"admin","event":"SESSION_EXPIRED","ip":"::1","data":{"duration":9289}}
{"timestamp":"2026-01-24 13:26:17","video_id":"video_1769223321","user_id":"admin","event":"SESSION_EXPIRED","ip":"::1","data":{"duration":9247}}
{"timestamp":"2026-01-24 13:26:17","video_id":"video_1769223321","user_id":"admin","event":"SESSION_EXPIRED","ip":"::1","data":{"duration":9192}}
{"timestamp":"2026-01-24 13:26:17","video_id":"video_1769223321","user_id":"admin","event":"SESSION_EXPIRED","ip":"::1","data":{"duration":9113}}
{"timestamp":"2026-01-24 13:26:17","video_id":"video_1769223321","user_id":"admin","event":"SESSION_EXPIRED","ip":"::1","data":{"duration":7722}}
{"timestamp":"2026-01-24 13:26:17","video_id":"video_1769256592","user_id":"admin","event":"SESSION_CREATED","ip":"::1","data":{"token":"c5e90754...","ip":"::1"}}
{"timestamp":"2026-01-24 13:30:54","video_id":"video_1769256592","user_id":"admin","event":"SESSION_CREATED","ip":"::1","data":{"token":"f5ea0401...","ip":"::1"}}
{"timestamp":"2026-01-24 13:33:23","video_id":"video_1769256592","user_id":"admin","event":"SESSION_CREATED","ip":"::1","data":{"token":"9bdfbae2...","ip":"::1"}}
{"timestamp":"2026-01-24 13:33:23","video_id":"video_1769256592","user_id":"admin","event":"CHUNK_SERVED","ip":"::1","data":{"track":"video","index":0,"quality":"480p"}}
{"timestamp":"2026-01-24 13:33:23","video_id":"video_1769256592","user_id":"admin","event":"CHUNK_SERVED","ip":"::1","data":{"track":"audio","index":0,"quality":"480p"}}
{"timestamp":"2026-01-24 13:33:24","video_id":"video_1769256592","user_id":"admin","event":"CHUNK_SERVED","ip":"::1","data":{"track":"audio","index":1,"quality":"480p"}}
{"timestamp":"2026-01-24 13:33:24","video_id":"video_1769256592","user_id":"admin","event":"CHUNK_SERVED","ip":"::1","data":{"track":"video","index":1,"quality":"480p"}}
{"timestamp":"2026-01-24 13:33:24","video_id":"video_1769256592","user_id":"admin","event":"CHUNK_SERVED","ip":"::1","data":{"track":"video","index":2,"quality":"480p"}}
{"timestamp":"2026-01-24 13:33:24","video_id":"video_1769256592","user_id":"admin","event":"CHUNK_SERVED","ip":"::1","data":{"track":"audio","index":2,"quality":"480p"}}
{"timestamp":"2026-01-24 14:15:40","video_id":"video_1769256592","user_id":"admin","event":"SESSION_CREATED","ip":"::1","data":{"token":"c9c95847...","ip":"::1"}}
{"timestamp":"2026-01-24 14:16:43","video_id":"video_1769256592","user_id":"admin","event":"SESSION_CREATED","ip":"::1","data":{"token":"db9d1d2f...","ip":"::1"}}
{"timestamp":"2026-01-24 14:16:44","video_id":"video_1769256592","user_id":"admin","event":"CHUNK_SERVED","ip":"::1","data":{"track":"video","index":0,"quality":"480p","audio_track":0,"stream_id":0}}
{"timestamp":"2026-01-24 14:16:44","video_id":"video_1769256592","user_id":"admin","event":"CHUNK_SERVED","ip":"::1","data":{"track":"audio","index":0,"quality":"480p","audio_track":0,"stream_id":1}}
{"timestamp":"2026-01-24 14:16:44","video_id":"video_1769256592","user_id":"admin","event":"CHUNK_SERVED","ip":"::1","data":{"track":"audio","index":1,"quality":"480p","audio_track":0,"stream_id":1}}
{"timestamp":"2026-01-24 14:16:44","video_id":"video_1769256592","user_id":"admin","event":"CHUNK_SERVED","ip":"::1","data":{"track":"video","index":1,"quality":"480p","audio_track":0,"stream_id":0}}
{"timestamp":"2026-01-24 14:16:44","video_id":"video_1769256592","user_id":"admin","event":"CHUNK_SERVED","ip":"::1","data":{"track":"video","index":2,"quality":"480p","audio_track":0,"stream_id":0}}
{"timestamp":"2026-01-24 14:16:44","video_id":"video_1769256592","user_id":"admin","event":"CHUNK_SERVED","ip":"::1","data":{"track":"audio","index":2,"quality":"480p","audio_track":0,"stream_id":1}}
{"timestamp":"2026-01-24 14:17:02","video_id":"video_1769256592","user_id":"admin","event":"SESSION_CREATED","ip":"::1","data":{"token":"1315444e...","ip":"::1"}}
{"timestamp":"2026-01-24 14:17:02","video_id":"video_1769256592","user_id":"admin","event":"CHUNK_SERVED","ip":"::1","data":{"track":"video","index":0,"quality":"480p","audio_track":0,"stream_id":0}}
{"timestamp":"2026-01-24 14:17:02","video_id":"video_1769256592","user_id":"admin","event":"CHUNK_SERVED","ip":"::1","data":{"track":"audio","index":0,"quality":"480p","audio_track":0,"stream_id":1}}
{"timestamp":"2026-01-24 14:17:02","video_id":"video_1769256592","user_id":"admin","event":"CHUNK_SERVED","ip":"::1","data":{"track":"audio","index":1,"quality":"480p","audio_track":0,"stream_id":1}}
{"timestamp":"2026-01-24 14:17:02","video_id":"video_1769256592","user_id":"admin","event":"CHUNK_SERVED","ip":"::1","data":{"track":"video","index":1,"quality":"480p","audio_track":0,"stream_id":0}}
{"timestamp":"2026-01-24 14:17:03","video_id":"video_1769256592","user_id":"admin","event":"CHUNK_SERVED","ip":"::1","data":{"track":"video","index":2,"quality":"480p","audio_track":0,"stream_id":0}}
{"timestamp":"2026-01-24 14:17:03","video_id":"video_1769256592","user_id":"admin","event":"CHUNK_SERVED","ip":"::1","data":{"track":"audio","index":2,"quality":"480p","audio_track":0,"stream_id":1}}
{"timestamp":"2026-01-24 14:17:05","video_id":"video_1769256592","user_id":"admin","event":"SESSION_CREATED","ip":"::1","data":{"token":"399be171...","ip":"::1"}}
{"timestamp":"2026-01-24 14:17:05","video_id":"video_1769256592","user_id":"admin","event":"CHUNK_SERVED","ip":"::1","data":{"track":"audio","index":0,"quality":"480p","audio_track":0,"stream_id":1}}
{"timestamp":"2026-01-24 14:17:05","video_id":"video_1769256592","user_id":"admin","event":"CHUNK_SERVED","ip":"::1","data":{"track":"video","index":0,"quality":"480p","audio_track":0,"stream_id":0}}
{"timestamp":"2026-01-24 14:17:05","video_id":"video_1769256592","user_id":"admin","event":"CHUNK_SERVED","ip":"::1","data":{"track":"video","index":1,"quality":"480p","audio_track":0,"stream_id":0}}
{"timestamp":"2026-01-24 14:17:05","video_id":"video_1769256592","user_id":"admin","event":"CHUNK_SERVED","ip":"::1","data":{"track":"audio","index":1,"quality":"480p","audio_track":0,"stream_id":1}}
{"timestamp":"2026-01-24 14:17:06","video_id":"video_1769256592","user_id":"admin","event":"CHUNK_SERVED","ip":"::1","data":{"track":"video","index":2,"quality":"480p","audio_track":0,"stream_id":0}}
{"timestamp":"2026-01-24 14:17:06","video_id":"video_1769256592","user_id":"admin","event":"CHUNK_SERVED","ip":"::1","data":{"track":"audio","index":2,"quality":"480p","audio_track":0,"stream_id":1}}
{"timestamp":"2026-01-24 14:17:08","video_id":"video_1769256592","user_id":"admin","event":"SESSION_CREATED","ip":"::1","data":{"token":"32c75aae...","ip":"::1"}}
{"timestamp":"2026-01-24 14:17:08","video_id":"video_1769256592","user_id":"admin","event":"CHUNK_SERVED","ip":"::1","data":{"track":"video","index":0,"quality":"480p","audio_track":0,"stream_id":0}}
{"timestamp":"2026-01-24 14:17:08","video_id":"video_1769256592","user_id":"admin","event":"CHUNK_SERVED","ip":"::1","data":{"track":"audio","index":0,"quality":"480p","audio_track":0,"stream_id":1}}
{"timestamp":"2026-01-24 14:17:08","video_id":"video_1769256592","user_id":"admin","event":"CHUNK_SERVED","ip":"::1","data":{"track":"video","index":1,"quality":"480p","audio_track":0,"stream_id":0}}
{"timestamp":"2026-01-24 14:17:08","video_id":"video_1769256592","user_id":"admin","event":"CHUNK_SERVED","ip":"::1","data":{"track":"audio","index":1,"quality":"480p","audio_track":0,"stream_id":1}}
{"timestamp":"2026-01-24 14:17:08","video_id":"video_1769256592","user_id":"admin","event":"CHUNK_SERVED","ip":"::1","data":{"track":"audio","index":2,"quality":"480p","audio_track":0,"stream_id":1}}
{"timestamp":"2026-01-24 14:17:08","video_id":"video_1769256592","user_id":"admin","event":"CHUNK_SERVED","ip":"::1","data":{"track":"video","index":2,"quality":"480p","audio_track":0,"stream_id":0}}
{"timestamp":"2026-01-24 14:17:11","video_id":"video_1769256592","user_id":"admin","event":"SESSION_CREATED","ip":"::1","data":{"token":"721771a9...","ip":"::1"}}
{"timestamp":"2026-01-24 14:17:11","video_id":"video_1769256592","user_id":"admin","event":"CHUNK_SERVED","ip":"::1","data":{"track":"video","index":0,"quality":"480p","audio_track":0,"stream_id":0}}
{"timestamp":"2026-01-24 14:17:11","video_id":"video_1769256592","user_id":"admin","event":"CHUNK_SERVED","ip":"::1","data":{"track":"audio","index":0,"quality":"480p","audio_track":0,"stream_id":1}}
{"timestamp":"2026-01-24 14:17:11","video_id":"video_1769256592","user_id":"admin","event":"CHUNK_SERVED","ip":"::1","data":{"track":"video","index":1,"quality":"480p","audio_track":0,"stream_id":0}}
{"timestamp":"2026-01-24 14:17:11","video_id":"video_1769256592","user_id":"admin","event":"CHUNK_SERVED","ip":"::1","data":{"track":"audio","index":1,"quality":"480p","audio_track":0,"stream_id":1}}
{"timestamp":"2026-01-24 14:17:11","video_id":"video_1769256592","user_id":"admin","event":"CHUNK_SERVED","ip":"::1","data":{"track":"audio","index":2,"quality":"480p","audio_track":0,"stream_id":1}}
{"timestamp":"2026-01-24 14:17:12","video_id":"video_1769256592","user_id":"admin","event":"CHUNK_SERVED","ip":"::1","data":{"track":"video","index":2,"quality":"480p","audio_track":0,"stream_id":0}}
{"timestamp":"2026-01-24 14:33:06","video_id":"video_1769256592","user_id":"admin","event":"SESSION_EXPIRED","ip":"::1","data":{"duration":4009}}
{"timestamp":"2026-01-24 14:33:06","video_id":"video_1769256592","user_id":"admin","event":"SESSION_EXPIRED","ip":"::1","data":{"duration":3732}}
{"timestamp":"2026-01-24 14:33:19","video_id":"video_1769256592","user_id":"admin","event":"SESSION_CREATED","ip":"::1","data":{"token":"2be65c22...","ip":"::1"}}
{"timestamp":"2026-01-24 14:33:19","video_id":"video_1769256592","user_id":"admin","event":"CHUNK_SERVED","ip":"::1","data":{"track":"video","index":0,"quality":"480p","audio_track":0,"stream_id":0}}
{"timestamp":"2026-01-24 14:33:19","video_id":"video_1769256592","user_id":"admin","event":"CHUNK_SERVED","ip":"::1","data":{"track":"audio","index":0,"quality":"480p","audio_track":0,"stream_id":1}}
{"timestamp":"2026-01-24 14:33:20","video_id":"video_1769256592","user_id":"admin","event":"CHUNK_SERVED","ip":"::1","data":{"track":"audio","index":1,"quality":"480p","audio_track":0,"stream_id":1}}
{"timestamp":"2026-01-24 14:33:20","video_id":"video_1769256592","user_id":"admin","event":"CHUNK_SERVED","ip":"::1","data":{"track":"video","index":1,"quality":"480p","audio_track":0,"stream_id":0}}
{"timestamp":"2026-01-24 14:33:20","video_id":"video_1769256592","user_id":"admin","event":"CHUNK_SERVED","ip":"::1","data":{"track":"video","index":2,"quality":"480p","audio_track":0,"stream_id":0}}
{"timestamp":"2026-01-24 14:33:20","video_id":"video_1769256592","user_id":"admin","event":"CHUNK_SERVED","ip":"::1","data":{"track":"audio","index":2,"quality":"480p","audio_track":0,"stream_id":1}}
{"timestamp":"2026-01-24 14:33:39","video_id":"video_1769256592","user_id":"admin","event":"SESSION_EXPIRED","ip":"::1","data":{"duration":3616}}
{"timestamp":"2026-01-24 15:18:35","video_id":"video_1769256592","user_id":"admin","event":"SESSION_EXPIRED","ip":"::1","data":{"duration":3775}}
{"timestamp":"2026-01-24 15:18:35","video_id":"video_1769256592","user_id":"admin","event":"SESSION_EXPIRED","ip":"::1","data":{"duration":3712}}
{"timestamp":"2026-01-24 15:18:35","video_id":"video_1769256592","user_id":"admin","event":"SESSION_EXPIRED","ip":"::1","data":{"duration":3693}}
{"timestamp":"2026-01-24 15:18:35","video_id":"video_1769256592","user_id":"admin","event":"SESSION_EXPIRED","ip":"::1","data":{"duration":3690}}
{"timestamp":"2026-01-24 15:18:35","video_id":"video_1769256592","user_id":"admin","event":"SESSION_EXPIRED","ip":"::1","data":{"duration":3687}}
{"timestamp":"2026-01-24 15:18:35","video_id":"video_1769256592","user_id":"admin","event":"SESSION_EXPIRED","ip":"::1","data":{"duration":3684}}
{"timestamp":"2026-01-24 15:21:02","video_id":"video_1769256592","user_id":"admin","event":"SESSION_CREATED","ip":"::1","data":{"token":"ffa96823...","ip":"::1"}}
{"timestamp":"2026-01-24 15:21:02","video_id":"video_1769256592","user_id":"admin","event":"CHUNK_SERVED","ip":"::1","data":{"track":"audio","index":0,"quality":"480p","audio_track":0,"stream_id":1}}
{"timestamp":"2026-01-24 15:21:02","video_id":"video_1769256592","user_id":"admin","event":"CHUNK_SERVED","ip":"::1","data":{"track":"video","index":0,"quality":"480p","audio_track":0,"stream_id":0}}
{"timestamp":"2026-01-24 15:21:02","video_id":"video_1769256592","user_id":"admin","event":"CHUNK_SERVED","ip":"::1","data":{"track":"video","index":1,"quality":"480p","audio_track":0,"stream_id":0}}
{"timestamp":"2026-01-24 15:21:02","video_id":"video_1769256592","user_id":"admin","event":"CHUNK_SERVED","ip":"::1","data":{"track":"audio","index":1,"quality":"480p","audio_track":0,"stream_id":1}}
{"timestamp":"2026-01-24 15:21:03","video_id":"video_1769256592","user_id":"admin","event":"CHUNK_SERVED","ip":"::1","data":{"track":"video","index":2,"quality":"480p","audio_track":0,"stream_id":0}}
{"timestamp":"2026-01-24 15:21:03","video_id":"video_1769256592","user_id":"admin","event":"CHUNK_SERVED","ip":"::1","data":{"track":"audio","index":2,"quality":"480p","audio_track":0,"stream_id":1}}
{"timestamp":"2026-01-24 15:29:15","video_id":"video_1769256592","user_id":"admin","event":"SESSION_CREATED","ip":"::1","data":{"token":"43632c43...","ip":"::1"}}
{"timestamp":"2026-01-24 15:29:15","video_id":"video_1769256592","user_id":"admin","event":"CHUNK_SERVED","ip":"::1","data":{"track":"video","index":0,"quality":"480p","audio_track":0,"stream_id":0}}
{"timestamp":"2026-01-24 15:29:15","video_id":"video_1769256592","user_id":"admin","event":"CHUNK_SERVED","ip":"::1","data":{"track":"audio","index":0,"quality":"480p","audio_track":0,"stream_id":1}}
{"timestamp":"2026-01-24 15:29:15","video_id":"video_1769256592","user_id":"admin","event":"CHUNK_SERVED","ip":"::1","data":{"track":"video","index":1,"quality":"480p","audio_track":0,"stream_id":0}}
{"timestamp":"2026-01-24 15:29:15","video_id":"video_1769256592","user_id":"admin","event":"CHUNK_SERVED","ip":"::1","data":{"track":"audio","index":1,"quality":"480p","audio_track":0,"stream_id":1}}
{"timestamp":"2026-01-24 15:29:15","video_id":"video_1769256592","user_id":"admin","event":"CHUNK_SERVED","ip":"::1","data":{"track":"video","index":2,"quality":"480p","audio_track":0,"stream_id":0}}
{"timestamp":"2026-01-24 15:29:15","video_id":"video_1769256592","user_id":"admin","event":"CHUNK_SERVED","ip":"::1","data":{"track":"audio","index":2,"quality":"480p","audio_track":0,"stream_id":1}}
{"timestamp":"2026-01-24 15:32:29","video_id":"video_1769256592","user_id":"admin","event":"SESSION_CREATED","ip":"::1","data":{"token":"c826ed2e...","ip":"::1"}}
{"timestamp":"2026-01-24 15:32:29","video_id":"video_1769256592","user_id":"admin","event":"CHUNK_SERVED","ip":"::1","data":{"track":"video","index":0,"quality":"480p","audio_track":0,"stream_id":0}}
{"timestamp":"2026-01-24 15:32:29","video_id":"video_1769256592","user_id":"admin","event":"CHUNK_SERVED","ip":"::1","data":{"track":"audio","index":0,"quality":"480p","audio_track":0,"stream_id":1}}
{"timestamp":"2026-01-24 15:32:30","video_id":"video_1769256592","user_id":"admin","event":"CHUNK_SERVED","ip":"::1","data":{"track":"video","index":1,"quality":"480p","audio_track":0,"stream_id":0}}
{"timestamp":"2026-01-24 15:32:30","video_id":"video_1769256592","user_id":"admin","event":"CHUNK_SERVED","ip":"::1","data":{"track":"audio","index":1,"quality":"480p","audio_track":0,"stream_id":1}}
{"timestamp":"2026-01-24 15:32:30","video_id":"video_1769256592","user_id":"admin","event":"CHUNK_SERVED","ip":"::1","data":{"track":"video","index":2,"quality":"480p","audio_track":0,"stream_id":0}}
{"timestamp":"2026-01-24 15:32:30","video_id":"video_1769256592","user_id":"admin","event":"CHUNK_SERVED","ip":"::1","data":{"track":"audio","index":2,"quality":"480p","audio_track":0,"stream_id":1}}
{"timestamp":"2026-01-24 15:33:29","video_id":"video_1769256592","user_id":"admin","event":"SESSION_EXPIRED","ip":"::1","data":{"duration":3610}}
{"timestamp":"2026-01-24 15:33:33","video_id":"video_1769256592","user_id":"admin","event":"CHUNK_SERVED","ip":"::1","data":{"track":"video","index":0,"quality":"360p","audio_track":0,"stream_id":0}}
{"timestamp":"2026-01-24 15:33:33","video_id":"video_1769256592","user_id":"admin","event":"CHUNK_SERVED","ip":"::1","data":{"track":"audio","index":0,"quality":"360p","audio_track":0,"stream_id":1}}
{"timestamp":"2026-01-24 15:33:33","video_id":"video_1769256592","user_id":"admin","event":"CHUNK_SERVED","ip":"::1","data":{"track":"video","index":1,"quality":"360p","audio_track":0,"stream_id":0}}
{"timestamp":"2026-01-24 15:33:33","video_id":"video_1769256592","user_id":"admin","event":"CHUNK_SERVED","ip":"::1","data":{"track":"audio","index":1,"quality":"360p","audio_track":0,"stream_id":1}}
{"timestamp":"2026-01-24 15:33:34","video_id":"video_1769256592","user_id":"admin","event":"CHUNK_SERVED","ip":"::1","data":{"track":"video","index":2,"quality":"360p","audio_track":0,"stream_id":0}}
{"timestamp":"2026-01-24 15:33:34","video_id":"video_1769256592","user_id":"admin","event":"CHUNK_SERVED","ip":"::1","data":{"track":"audio","index":2,"quality":"360p","audio_track":0,"stream_id":1}}
{"timestamp":"2026-01-24 15:34:16","video_id":"video_1769256592","user_id":"admin","event":"CHUNK_SERVED","ip":"::1","data":{"track":"audio","index":0,"quality":"480p","audio_track":0,"stream_id":1}}
{"timestamp":"2026-01-24 15:34:16","video_id":"video_1769256592","user_id":"admin","event":"CHUNK_SERVED","ip":"::1","data":{"track":"video","index":0,"quality":"480p","audio_track":0,"stream_id":0}}
{"timestamp":"2026-01-24 15:34:16","video_id":"video_1769256592","user_id":"admin","event":"CHUNK_SERVED","ip":"::1","data":{"track":"audio","index":1,"quality":"480p","audio_track":0,"stream_id":1}}
{"timestamp":"2026-01-24 15:34:16","video_id":"video_1769256592","user_id":"admin","event":"CHUNK_SERVED","ip":"::1","data":{"track":"video","index":1,"quality":"480p","audio_track":0,"stream_id":0}}
{"timestamp":"2026-01-24 15:34:17","video_id":"video_1769256592","user_id":"admin","event":"CHUNK_SERVED","ip":"::1","data":{"track":"video","index":2,"quality":"480p","audio_track":0,"stream_id":0}}
{"timestamp":"2026-01-24 15:34:17","video_id":"video_1769256592","user_id":"admin","event":"CHUNK_SERVED","ip":"::1","data":{"track":"audio","index":2,"quality":"480p","audio_track":0,"stream_id":1}}
